{
  "RSpec": {
    "coverage": {
      "/home/czarian/rails/cwiczenia/rrestaurants/app/models/restaurant.rb": [
        1,
        1,
        1,
        1,
        null,
        1,
        0,
        null,
        null
      ],
      "/home/czarian/rails/cwiczenia/rrestaurants/app/controllers/restaurants_controller.rb": [
        1,
        null,
        1,
        0,
        null,
        null,
        1,
        null,
        0,
        0,
        0,
        0,
        0,
        null,
        null,
        0,
        null,
        null,
        null,
        1,
        0,
        null,
        0,
        0,
        0,
        null,
        null,
        null,
        1,
        4,
        4,
        4,
        4,
        4,
        null,
        null,
        null,
        null,
        1,
        0,
        null,
        null
      ],
      "/home/czarian/rails/cwiczenia/rrestaurants/app/controllers/application_controller.rb": [
        1,
        null,
        null,
        1,
        null
      ],
      "/home/czarian/rails/cwiczenia/rrestaurants/app/models/comment.rb": [
        1,
        1,
        1,
        1,
        1,
        null,
        1,
        4,
        null,
        null,
        1,
        1,
        1,
        null,
        null
      ],
      "/home/czarian/rails/cwiczenia/rrestaurants/app/controllers/comments_controller.rb": [
        1,
        null,
        1,
        1,
        null,
        null,
        1,
        0,
        null,
        null,
        1,
        1,
        1,
        1,
        null,
        null,
        1,
        0,
        null,
        null
      ],
      "/home/czarian/rails/cwiczenia/rrestaurants/app/helpers/react_helper.rb": [
        0,
        0,
        0,
        0,
        0,
        0,
        0,
        0,
        0,
        0,
        0,
        0,
        0,
        0,
        0,
        0,
        0,
        0,
        0,
        0,
        0,
        0,
        0,
        0
      ],
      "/home/czarian/rails/cwiczenia/rrestaurants/app/helpers/application_helper.rb": [
        0,
        0
      ]
    },
    "timestamp": 1473333564
  }
}
